NOTE: Picked up JDK_JAVA_OPTIONS:  --add-opens=java.base/java.lang=ALL-UNNAMED --add-opens=java.base/java.io=ALL-UNNAMED --add-opens=java.base/java.util=ALL-UNNAMED --add-opens=java.base/java.util.concurrent=ALL-UNNAMED --add-opens=java.rmi/sun.rmi.transport=ALL-UNNAMED
05-May-2024 18:36:42.710 INFO [main] org.apache.catalina.startup.VersionLoggerListener.log Имя версии сервера:    Apache Tomcat/8.5.100
05-May-2024 18:36:42.713 INFO [main] org.apache.catalina.startup.VersionLoggerListener.log Сервер собран:         Mar 19 2024 13:54:42 UTC
05-May-2024 18:36:42.714 INFO [main] org.apache.catalina.startup.VersionLoggerListener.log Номер версии сервера:  8.5.100.0
05-May-2024 18:36:42.714 INFO [main] org.apache.catalina.startup.VersionLoggerListener.log OS Name:               Windows 10
05-May-2024 18:36:42.714 INFO [main] org.apache.catalina.startup.VersionLoggerListener.log Версия ОС:             10.0
05-May-2024 18:36:42.714 INFO [main] org.apache.catalina.startup.VersionLoggerListener.log Архитектура:           amd64
05-May-2024 18:36:42.715 INFO [main] org.apache.catalina.startup.VersionLoggerListener.log Java Home:             D:\Java\jdk-18.0.2.1
05-May-2024 18:36:42.715 INFO [main] org.apache.catalina.startup.VersionLoggerListener.log Версия JVM:            18.0.2.1+1-1
05-May-2024 18:36:42.715 INFO [main] org.apache.catalina.startup.VersionLoggerListener.log Производитель JVM:     Oracle Corporation
05-May-2024 18:36:42.715 INFO [main] org.apache.catalina.startup.VersionLoggerListener.log CATALINA_BASE:         D:\Eagle Guitars git\guitar-schop\frontend\apache-tomcat-8.5.100
05-May-2024 18:36:42.721 INFO [main] org.apache.catalina.startup.VersionLoggerListener.log CATALINA_HOME:         D:\Eagle Guitars git\guitar-schop\frontend\apache-tomcat-8.5.100
05-May-2024 18:36:42.722 INFO [main] org.apache.catalina.startup.VersionLoggerListener.log Command line argument: --add-opens=java.base/java.lang=ALL-UNNAMED
05-May-2024 18:36:42.722 INFO [main] org.apache.catalina.startup.VersionLoggerListener.log Command line argument: --add-opens=java.base/java.io=ALL-UNNAMED
05-May-2024 18:36:42.722 INFO [main] org.apache.catalina.startup.VersionLoggerListener.log Command line argument: --add-opens=java.base/java.util=ALL-UNNAMED
05-May-2024 18:36:42.722 INFO [main] org.apache.catalina.startup.VersionLoggerListener.log Command line argument: --add-opens=java.base/java.util.concurrent=ALL-UNNAMED
05-May-2024 18:36:42.722 INFO [main] org.apache.catalina.startup.VersionLoggerListener.log Command line argument: --add-opens=java.rmi/sun.rmi.transport=ALL-UNNAMED
05-May-2024 18:36:42.722 INFO [main] org.apache.catalina.startup.VersionLoggerListener.log Command line argument: -Djava.util.logging.config.file=D:/Eagle Guitars git/guitar-schop/frontend/apache-tomcat-8.5.100/conf/logging.properties
05-May-2024 18:36:42.722 INFO [main] org.apache.catalina.startup.VersionLoggerListener.log Command line argument: -Djava.util.logging.manager=org.apache.juli.ClassLoaderLogManager
05-May-2024 18:36:42.724 INFO [main] org.apache.catalina.startup.VersionLoggerListener.log Command line argument: -Djdk.tls.ephemeralDHKeySize=2048
05-May-2024 18:36:42.724 INFO [main] org.apache.catalina.startup.VersionLoggerListener.log Command line argument: -Djava.protocol.handler.pkgs=org.apache.catalina.webresources
05-May-2024 18:36:42.725 INFO [main] org.apache.catalina.startup.VersionLoggerListener.log Command line argument: -Dorg.apache.catalina.security.SecurityListener.UMASK=0027
05-May-2024 18:36:42.725 INFO [main] org.apache.catalina.startup.VersionLoggerListener.log Command line argument: -Dignore.endorsed.dirs=
05-May-2024 18:36:42.725 INFO [main] org.apache.catalina.startup.VersionLoggerListener.log Command line argument: -Dcatalina.base=D:/Eagle Guitars git/guitar-schop/frontend/apache-tomcat-8.5.100
05-May-2024 18:36:42.725 INFO [main] org.apache.catalina.startup.VersionLoggerListener.log Command line argument: -Dcatalina.home=D:/Eagle Guitars git/guitar-schop/frontend/apache-tomcat-8.5.100
05-May-2024 18:36:42.725 INFO [main] org.apache.catalina.startup.VersionLoggerListener.log Command line argument: -Djava.io.tmpdir=D:/Eagle Guitars git/guitar-schop/frontend/apache-tomcat-8.5.100/temp
05-May-2024 18:36:42.725 INFO [main] org.apache.catalina.core.AprLifecycleListener.lifecycleEvent Loaded Apache Tomcat Native library [1.2.39] using APR version [1.7.4].
05-May-2024 18:36:42.726 INFO [main] org.apache.catalina.core.AprLifecycleListener.lifecycleEvent APR capabilities: IPv6 [true], sendfile [true], accept filters [false], random [true], UDS [{4}].
05-May-2024 18:36:42.726 INFO [main] org.apache.catalina.core.AprLifecycleListener.lifecycleEvent APR/OpenSSL configuration: useAprConnector [false], useOpenSSL [true]
05-May-2024 18:36:42.733 INFO [main] org.apache.catalina.core.AprLifecycleListener.initializeSSL OpenSSL successfully initialized [OpenSSL 3.0.11 19 Sep 2023]
05-May-2024 18:36:42.773 INFO [main] org.apache.coyote.AbstractProtocol.init Инициализация ProtocolHandler ["http-nio-80"]
05-May-2024 18:36:42.798 INFO [main] org.apache.catalina.startup.Catalina.load Initialization processed in 556 ms
05-May-2024 18:36:42.843 INFO [main] org.apache.catalina.core.StandardService.startInternal Starting service [Catalina]
05-May-2024 18:36:42.844 INFO [main] org.apache.catalina.core.StandardEngine.startInternal Starting Servlet engine: [Apache Tomcat/8.5.100]
05-May-2024 18:36:42.956 WARNING [localhost-startStop-1] org.apache.tomcat.util.descriptor.web.WebXml.setVersion Unknown version string [4.0]. Default version will be used.
05-May-2024 18:36:43.160 INFO [localhost-startStop-1] org.apache.catalina.startup.HostConfig.deployDirectory Установка веб приложения в папку [D:\Eagle Guitars git\guitar-schop\frontend\apache-tomcat-8.5.100\webapps\docs]
05-May-2024 18:36:43.192 INFO [localhost-startStop-1] org.apache.catalina.startup.HostConfig.deployDirectory Deployment of web application directory [D:\Eagle Guitars git\guitar-schop\frontend\apache-tomcat-8.5.100\webapps\docs] has finished in [27] ms
05-May-2024 18:36:43.192 INFO [localhost-startStop-1] org.apache.catalina.startup.HostConfig.deployDirectory Установка веб приложения в папку [D:\Eagle Guitars git\guitar-schop\frontend\apache-tomcat-8.5.100\webapps\examples]
05-May-2024 18:36:43.495 INFO [localhost-startStop-1] org.apache.catalina.startup.HostConfig.deployDirectory Deployment of web application directory [D:\Eagle Guitars git\guitar-schop\frontend\apache-tomcat-8.5.100\webapps\examples] has finished in [303] ms
05-May-2024 18:36:43.495 INFO [localhost-startStop-1] org.apache.catalina.startup.HostConfig.deployDirectory Установка веб приложения в папку [D:\Eagle Guitars git\guitar-schop\frontend\apache-tomcat-8.5.100\webapps\host-manager]
05-May-2024 18:36:43.527 INFO [localhost-startStop-1] org.apache.catalina.startup.HostConfig.deployDirectory Deployment of web application directory [D:\Eagle Guitars git\guitar-schop\frontend\apache-tomcat-8.5.100\webapps\host-manager] has finished in [31] ms
05-May-2024 18:36:43.527 INFO [localhost-startStop-1] org.apache.catalina.startup.HostConfig.deployDirectory Установка веб приложения в папку [D:\Eagle Guitars git\guitar-schop\frontend\apache-tomcat-8.5.100\webapps\manager]
05-May-2024 18:36:43.555 INFO [localhost-startStop-1] org.apache.catalina.startup.HostConfig.deployDirectory Deployment of web application directory [D:\Eagle Guitars git\guitar-schop\frontend\apache-tomcat-8.5.100\webapps\manager] has finished in [27] ms
05-May-2024 18:36:43.556 INFO [main] org.apache.coyote.AbstractProtocol.start Starting ProtocolHandler ["http-nio-80"]
05-May-2024 18:36:43.598 INFO [main] org.apache.catalina.startup.Catalina.start Server startup in 798 ms
